<?xml version="1.0" encoding="UTF-8"?>
<testng-results skipped="0" failed="0" ignored="0" total="1" passed="1">
  <reporter-output>
  </reporter-output>
  <suite name="com.restapi.tests.GetAPITest" duration-ms="1347" started-at="2021-02-19T17:40:38Z" finished-at="2021-02-19T17:40:39Z">
    <groups>
    </groups>
    <test name="Command line test" duration-ms="1347" started-at="2021-02-19T17:40:38Z" finished-at="2021-02-19T17:40:39Z">
      <class name="com.restapi.tests.GetAPITest">
        <test-method status="PASS" signature="setUp()[pri:0, instance:com.restapi.tests.GetAPITest@43a25848]" name="setUp" is-config="true" duration-ms="10" started-at="2021-02-19T17:40:38Z" finished-at="2021-02-19T17:40:38Z">
          <reporter-output>
          </reporter-output>
        </test-method> <!-- setUp -->
        <test-method status="PASS" signature="getTest()[pri:0, instance:com.restapi.tests.GetAPITest@43a25848]" name="getTest" duration-ms="1312" started-at="2021-02-19T17:40:38Z" finished-at="2021-02-19T17:40:39Z">
          <reporter-output>
          </reporter-output>
        </test-method> <!-- getTest -->
      </class> <!-- com.restapi.tests.GetAPITest -->
    </test> <!-- Command line test -->
  </suite> <!-- com.restapi.tests.GetAPITest -->
</testng-results>
